TN:
SF:index.ts
FNF:0
FNH:0
DA:1,0
DA:3,0
DA:8,0
LF:3
LH:0
BRF:0
BRH:0
end_of_record
TN:
SF:src/hooks/useHealthKit.ts
FN:4,(anonymous_0)
FN:8,(anonymous_1)
FN:10,(anonymous_2)
FN:11,(anonymous_3)
FN:29,(anonymous_4)
FN:38,(anonymous_5)
FNF:6
FNH:6
FNDA:8,(anonymous_0)
FNDA:4,(anonymous_1)
FNDA:4,(anonymous_2)
FNDA:4,(anonymous_3)
FNDA:1,(anonymous_4)
FNDA:1,(anonymous_5)
DA:1,1
DA:2,1
DA:4,1
DA:5,8
DA:6,8
DA:7,8
DA:8,8
DA:10,8
DA:11,4
DA:12,4
DA:13,4
DA:14,3
DA:15,3
DA:17,3
DA:18,3
DA:19,3
DA:22,1
DA:26,4
DA:29,8
DA:30,1
DA:31,1
DA:33,0
DA:34,0
DA:38,8
DA:39,1
DA:40,1
DA:42,0
DA:43,0
DA:47,8
LF:29
LH:25
BRDA:17,0,0,3
BRDA:22,1,0,1
BRDA:22,1,1,0
BRDA:29,2,0,0
BRDA:33,3,0,0
BRDA:33,3,1,0
BRDA:42,4,0,0
BRDA:42,4,1,0
BRF:8
BRH:2
end_of_record
TN:
SF:src/services/HealthKitService.ts
FN:4,(anonymous_9)
FN:12,(anonymous_10)
FN:21,(anonymous_11)
FN:32,(anonymous_12)
FN:47,(anonymous_13)
FN:55,(anonymous_14)
FNF:6
FNH:5
FNDA:0,(anonymous_9)
FNDA:1,(anonymous_10)
FNDA:1,(anonymous_11)
FNDA:2,(anonymous_12)
FNDA:1,(anonymous_13)
FNDA:2,(anonymous_14)
DA:1,2
DA:3,2
DA:5,0
DA:6,0
DA:8,0
DA:13,1
DA:14,1
DA:16,0
DA:17,0
DA:22,1
DA:23,1
DA:27,0
DA:28,0
DA:33,2
DA:34,2
DA:43,1
DA:48,1
DA:49,1
DA:55,2
DA:57,0
DA:58,0
LF:21
LH:12
BRF:0
BRH:0
end_of_record
TN:
SF:src/types/expo-health.d.ts
FNF:0
FNH:0
LF:0
LH:0
BRF:0
BRH:0
end_of_record
